# JRE version: OpenJDK Runtime Environment Temurin-21.0.9+10 (21.0.9+10) (build 21.0.9+10-LTS)
# Java VM: OpenJDK 64-Bit Server VM Temurin-21.0.9+10 (21.0.9+10-LTS, mixed mode, sharing, tiered, compressed oops, compressed class ptrs, parallel gc, windows-amd64)
GC Precious Log:
 CardTable entry size: 512
 CPUs: 16 total, 16 available
 Memory: 13624M
 Large Page Support: Disabled
 NUMA Support: Disabled
 Compressed Oops: Enabled (32-bit)
 Alignments: Space 512K, Generation 512K, Heap 2M
 Heap Min Capacity: 100M
 Heap Initial Capacity: 100M
 Heap Max Capacity: 2G
 Pre-touch: Disabled
 Parallel Workers: 13
Heap:
 PSYoungGen      total 5632K, used 3617K [0x00000000d5580000, 0x00000000d5c00000, 0x0000000100000000)
  eden space 5120K, 61% used [0x00000000d5580000,0x00000000d5898600,0x00000000d5a80000)
  from space 512K, 87% used [0x00000000d5b80000,0x00000000d5bf0000,0x00000000d5c00000)
  to   space 512K, 0% used [0x00000000d5b00000,0x00000000d5b00000,0x00000000d5b80000)
 ParOldGen       total 677376K, used 677081K [0x0000000080000000, 0x00000000a9580000, 0x00000000d5580000)
  object space 677376K, 99% used [0x0000000080000000,0x00000000a95364d8,0x00000000a9580000)
 Metaspace       used 92486K, committed 94336K, reserved 1179648K
  class space    used 9164K, committed 10112K, reserved 1048576K
GC Heap History (20 events):
Event: 12236.508 GC heap before
{Heap before GC invocations=2903 (full 10):
 PSYoungGen      total 5632K, used 5312K [0x00000000d5580000, 0x00000000d5c80000, 0x0000000100000000)
  eden space 5120K, 100% used [0x00000000d5580000,0x00000000d5a80000,0x00000000d5a80000)
  from space 512K, 37% used [0x00000000d5c00000,0x00000000d5c30000,0x00000000d5c80000)
  to   space 512K, 0% used [0x00000000d5b80000,0x00000000d5b80000,0x00000000d5c00000)
 ParOldGen       total 675840K, used 675503K [0x0000000080000000, 0x00000000a9400000, 0x00000000d5580000)
  object space 675840K, 99% used [0x0000000080000000,0x00000000a93abee8,0x00000000a9400000)
 Metaspace       used 92433K, committed 94272K, reserved 1179648K
  class space    used 9153K, committed 10112K, reserved 1048576K
}
Event: 12236.511 GC heap after
{Heap after GC invocations=2903 (full 10):
 PSYoungGen      total 5632K, used 506K [0x00000000d5580000, 0x00000000d5c80000, 0x0000000100000000)
  eden space 5120K, 0% used [0x00000000d5580000,0x00000000d5580000,0x00000000d5a80000)
  from space 512K, 98% used [0x00000000d5b80000,0x00000000d5bfe900,0x00000000d5c00000)
  to   space 512K, 0% used [0x00000000d5c00000,0x00000000d5c00000,0x00000000d5c80000)
 ParOldGen       total 675840K, used 675503K [0x0000000080000000, 0x00000000a9400000, 0x00000000d5580000)
  object space 675840K, 99% used [0x0000000080000000,0x00000000a93abee8,0x00000000a9400000)
 Metaspace       used 92433K, committed 94272K, reserved 1179648K
  class space    used 9153K, committed 10112K, reserved 1048576K
}
Event: 12236.518 GC heap before
{Heap before GC invocations=2904 (full 10):
 PSYoungGen      total 5632K, used 5626K [0x00000000d5580000, 0x00000000d5c80000, 0x0000000100000000)
  eden space 5120K, 100% used [0x00000000d5580000,0x00000000d5a80000,0x00000000d5a80000)
  from space 512K, 98% used [0x00000000d5b80000,0x00000000d5bfe900,0x00000000d5c00000)
  to   space 512K, 0% used [0x00000000d5c00000,0x00000000d5c00000,0x00000000d5c80000)
 ParOldGen       total 675840K, used 675503K [0x0000000080000000, 0x00000000a9400000, 0x00000000d5580000)
  object space 675840K, 99% used [0x0000000080000000,0x00000000a93abee8,0x00000000a9400000)
 Metaspace       used 92433K, committed 94272K, reserved 1179648K
  class space    used 9153K, committed 10112K, reserved 1048576K
}
Event: 12236.521 GC heap after
{Heap after GC invocations=2904 (full 10):
 PSYoungGen      total 5632K, used 512K [0x00000000d5580000, 0x00000000d5d80000, 0x0000000100000000)
  eden space 5120K, 0% used [0x00000000d5580000,0x00000000d5580000,0x00000000d5a80000)
  from space 512K, 100% used [0x00000000d5c00000,0x00000000d5c80000,0x00000000d5c80000)
  to   space 1536K, 0% used [0x00000000d5a80000,0x00000000d5a80000,0x00000000d5c00000)
 ParOldGen       total 676352K, used 675978K [0x0000000080000000, 0x00000000a9480000, 0x00000000d5580000)
  object space 676352K, 99% used [0x0000000080000000,0x00000000a9422ab0,0x00000000a9480000)
 Metaspace       used 92433K, committed 94272K, reserved 1179648K
  class space    used 9153K, committed 10112K, reserved 1048576K
}
Event: 12236.539 GC heap before
{Heap before GC invocations=2905 (full 10):
 PSYoungGen      total 5632K, used 5632K [0x00000000d5580000, 0x00000000d5d80000, 0x0000000100000000)
  eden space 5120K, 100% used [0x00000000d5580000,0x00000000d5a80000,0x00000000d5a80000)
  from space 512K, 100% used [0x00000000d5c00000,0x00000000d5c80000,0x00000000d5c80000)
  to   space 1536K, 0% used [0x00000000d5a80000,0x00000000d5a80000,0x00000000d5c00000)
 ParOldGen       total 676352K, used 675978K [0x0000000080000000, 0x00000000a9480000, 0x00000000d5580000)
  object space 676352K, 99% used [0x0000000080000000,0x00000000a9422ab0,0x00000000a9480000)
 Metaspace       used 92434K, committed 94272K, reserved 1179648K
  class space    used 9153K, committed 10112K, reserved 1048576K
}
Event: 12236.541 GC heap after
{Heap after GC invocations=2905 (full 10):
 PSYoungGen      total 6144K, used 788K [0x00000000d5580000, 0x00000000d5c80000, 0x0000000100000000)
  eden space 5120K, 0% used [0x00000000d5580000,0x00000000d5580000,0x00000000d5a80000)
  from space 1024K, 77% used [0x00000000d5a80000,0x00000000d5b45200,0x00000000d5b80000)
  to   space 1024K, 0% used [0x00000000d5b80000,0x00000000d5b80000,0x00000000d5c80000)
 ParOldGen       total 676864K, used 676354K [0x0000000080000000, 0x00000000a9500000, 0x00000000d5580000)
  object space 676864K, 99% used [0x0000000080000000,0x00000000a9480af0,0x00000000a9500000)
 Metaspace       used 92434K, committed 94272K, reserved 1179648K
  class space    used 9153K, committed 10112K, reserved 1048576K
}
Event: 12236.555 GC heap before
{Heap before GC invocations=2906 (full 10):
 PSYoungGen      total 6144K, used 5908K [0x00000000d5580000, 0x00000000d5c80000, 0x0000000100000000)
  eden space 5120K, 100% used [0x00000000d5580000,0x00000000d5a80000,0x00000000d5a80000)
  from space 1024K, 77% used [0x00000000d5a80000,0x00000000d5b45200,0x00000000d5b80000)
  to   space 1024K, 0% used [0x00000000d5b80000,0x00000000d5b80000,0x00000000d5c80000)
 ParOldGen       total 676864K, used 676354K [0x0000000080000000, 0x00000000a9500000, 0x00000000d5580000)
  object space 676864K, 99% used [0x0000000080000000,0x00000000a9480af0,0x00000000a9500000)
 Metaspace       used 92435K, committed 94272K, reserved 1179648K
  class space    used 9154K, committed 10112K, reserved 1048576K
}
Event: 12236.558 GC heap after
{Heap after GC invocations=2906 (full 10):
 PSYoungGen      total 6144K, used 574K [0x00000000d5580000, 0x00000000d5c80000, 0x0000000100000000)
  eden space 5120K, 0% used [0x00000000d5580000,0x00000000d5580000,0x00000000d5a80000)
  from space 1024K, 56% used [0x00000000d5b80000,0x00000000d5c0f930,0x00000000d5c80000)
  to   space 1024K, 0% used [0x00000000d5a80000,0x00000000d5a80000,0x00000000d5b80000)
 ParOldGen       total 676864K, used 676624K [0x0000000080000000, 0x00000000a9500000, 0x00000000d5580000)
  object space 676864K, 99% used [0x0000000080000000,0x00000000a94c4208,0x00000000a9500000)
 Metaspace       used 92435K, committed 94272K, reserved 1179648K
  class space    used 9154K, committed 10112K, reserved 1048576K
}
Event: 12236.572 GC heap before
{Heap before GC invocations=2907 (full 10):
 PSYoungGen      total 6144K, used 5694K [0x00000000d5580000, 0x00000000d5c80000, 0x0000000100000000)
  eden space 5120K, 100% used [0x00000000d5580000,0x00000000d5a80000,0x00000000d5a80000)
  from space 1024K, 56% used [0x00000000d5b80000,0x00000000d5c0f930,0x00000000d5c80000)
  to   space 1024K, 0% used [0x00000000d5a80000,0x00000000d5a80000,0x00000000d5b80000)
 ParOldGen       total 676864K, used 676624K [0x0000000080000000, 0x00000000a9500000, 0x00000000d5580000)
  object space 676864K, 99% used [0x0000000080000000,0x00000000a94c4208,0x00000000a9500000)
 Metaspace       used 92439K, committed 94272K, reserved 1179648K
  class space    used 9154K, committed 10112K, reserved 1048576K
}
Event: 12236.575 GC heap after
{Heap after GC invocations=2907 (full 10):
 PSYoungGen      total 6144K, used 730K [0x00000000d5580000, 0x00000000d5c80000, 0x0000000100000000)
  eden space 5120K, 0% used [0x00000000d5580000,0x00000000d5580000,0x00000000d5a80000)
  from space 1024K, 71% used [0x00000000d5a80000,0x00000000d5b36900,0x00000000d5b80000)
  to   space 1024K, 0% used [0x00000000d5b80000,0x00000000d5b80000,0x00000000d5c80000)
 ParOldGen       total 677376K, used 676865K [0x0000000080000000, 0x00000000a9580000, 0x00000000d5580000)
  object space 677376K, 99% used [0x0000000080000000,0x00000000a95004d8,0x00000000a9580000)
 Metaspace       used 92439K, committed 94272K, reserved 1179648K
  class space    used 9154K, committed 10112K, reserved 1048576K
}
Event: 12236.584 GC heap before
{Heap before GC invocations=2908 (full 10):
 PSYoungGen      total 6144K, used 5850K [0x00000000d5580000, 0x00000000d5c80000, 0x0000000100000000)
  eden space 5120K, 100% used [0x00000000d5580000,0x00000000d5a80000,0x00000000d5a80000)
  from space 1024K, 71% used [0x00000000d5a80000,0x00000000d5b36900,0x00000000d5b80000)
  to   space 1024K, 0% used [0x00000000d5b80000,0x00000000d5b80000,0x00000000d5c80000)
 ParOldGen       total 677376K, used 676865K [0x0000000080000000, 0x00000000a9580000, 0x00000000d5580000)
  object space 677376K, 99% used [0x0000000080000000,0x00000000a95004d8,0x00000000a9580000)
 Metaspace       used 92439K, committed 94272K, reserved 1179648K
  class space    used 9154K, committed 10112K, reserved 1048576K
}
Event: 12236.586 GC heap after
{Heap after GC invocations=2908 (full 10):
 PSYoungGen      total 5632K, used 314K [0x00000000d5580000, 0x00000000d5c00000, 0x0000000100000000)
  eden space 5120K, 0% used [0x00000000d5580000,0x00000000d5580000,0x00000000d5a80000)
  from space 512K, 61% used [0x00000000d5b80000,0x00000000d5bce900,0x00000000d5c00000)
  to   space 512K, 0% used [0x00000000d5b00000,0x00000000d5b00000,0x00000000d5b80000)
 ParOldGen       total 677376K, used 676937K [0x0000000080000000, 0x00000000a9580000, 0x00000000d5580000)
  object space 677376K, 99% used [0x0000000080000000,0x00000000a95124d8,0x00000000a9580000)
 Metaspace       used 92439K, committed 94272K, reserved 1179648K
  class space    used 9154K, committed 10112K, reserved 1048576K
}
Event: 12237.588 GC heap before
{Heap before GC invocations=2909 (full 10):
 PSYoungGen      total 5632K, used 5432K [0x00000000d5580000, 0x00000000d5c00000, 0x0000000100000000)
  eden space 5120K, 99% used [0x00000000d5580000,0x00000000d5a7faf0,0x00000000d5a80000)
  from space 512K, 61% used [0x00000000d5b80000,0x00000000d5bce900,0x00000000d5c00000)
  to   space 512K, 0% used [0x00000000d5b00000,0x00000000d5b00000,0x00000000d5b80000)
 ParOldGen       total 677376K, used 676937K [0x0000000080000000, 0x00000000a9580000, 0x00000000d5580000)
  object space 677376K, 99% used [0x0000000080000000,0x00000000a95124d8,0x00000000a9580000)
 Metaspace       used 92481K, committed 94336K, reserved 1179648K
  class space    used 9164K, committed 10112K, reserved 1048576K
}
Event: 12237.591 GC heap after
{Heap after GC invocations=2909 (full 10):
 PSYoungGen      total 5632K, used 340K [0x00000000d5580000, 0x00000000d5c00000, 0x0000000100000000)
  eden space 5120K, 0% used [0x00000000d5580000,0x00000000d5580000,0x00000000d5a80000)
  from space 512K, 66% used [0x00000000d5b00000,0x00000000d5b55200,0x00000000d5b80000)
  to   space 512K, 0% used [0x00000000d5b80000,0x00000000d5b80000,0x00000000d5c00000)
 ParOldGen       total 677376K, used 676953K [0x0000000080000000, 0x00000000a9580000, 0x00000000d5580000)
  object space 677376K, 99% used [0x0000000080000000,0x00000000a95164d8,0x00000000a9580000)
 Metaspace       used 92481K, committed 94336K, reserved 1179648K
  class space    used 9164K, committed 10112K, reserved 1048576K
}
Event: 12238.854 GC heap before
{Heap before GC invocations=2910 (full 10):
 PSYoungGen      total 5632K, used 5460K [0x00000000d5580000, 0x00000000d5c00000, 0x0000000100000000)
  eden space 5120K, 100% used [0x00000000d5580000,0x00000000d5a80000,0x00000000d5a80000)
  from space 512K, 66% used [0x00000000d5b00000,0x00000000d5b55200,0x00000000d5b80000)
  to   space 512K, 0% used [0x00000000d5b80000,0x00000000d5b80000,0x00000000d5c00000)
 ParOldGen       total 677376K, used 676953K [0x0000000080000000, 0x00000000a9580000, 0x00000000d5580000)
  object space 677376K, 99% used [0x0000000080000000,0x00000000a95164d8,0x00000000a9580000)
 Metaspace       used 92481K, committed 94336K, reserved 1179648K
  class space    used 9164K, committed 10112K, reserved 1048576K
}
Event: 12238.856 GC heap after
{Heap after GC invocations=2910 (full 10):
 PSYoungGen      total 5632K, used 352K [0x00000000d5580000, 0x00000000d5c00000, 0x0000000100000000)
  eden space 5120K, 0% used [0x00000000d5580000,0x00000000d5580000,0x00000000d5a80000)
  from space 512K, 68% used [0x00000000d5b80000,0x00000000d5bd8000,0x00000000d5c00000)
  to   space 512K, 0% used [0x00000000d5b00000,0x00000000d5b00000,0x00000000d5b80000)
 ParOldGen       total 677376K, used 677041K [0x0000000080000000, 0x00000000a9580000, 0x00000000d5580000)
  object space 677376K, 99% used [0x0000000080000000,0x00000000a952c4d8,0x00000000a9580000)
 Metaspace       used 92481K, committed 94336K, reserved 1179648K
  class space    used 9164K, committed 10112K, reserved 1048576K
}
Event: 12240.660 GC heap before
{Heap before GC invocations=2911 (full 10):
 PSYoungGen      total 5632K, used 5472K [0x00000000d5580000, 0x00000000d5c00000, 0x0000000100000000)
  eden space 5120K, 100% used [0x00000000d5580000,0x00000000d5a80000,0x00000000d5a80000)
  from space 512K, 68% used [0x00000000d5b80000,0x00000000d5bd8000,0x00000000d5c00000)
  to   space 512K, 0% used [0x00000000d5b00000,0x00000000d5b00000,0x00000000d5b80000)
 ParOldGen       total 677376K, used 677041K [0x0000000080000000, 0x00000000a9580000, 0x00000000d5580000)
  object space 677376K, 99% used [0x0000000080000000,0x00000000a952c4d8,0x00000000a9580000)
 Metaspace       used 92481K, committed 94336K, reserved 1179648K
  class space    used 9164K, committed 10112K, reserved 1048576K
}
Event: 12240.664 GC heap after
{Heap after GC invocations=2911 (full 10):
 PSYoungGen      total 5632K, used 224K [0x00000000d5580000, 0x00000000d5c00000, 0x0000000100000000)
  eden space 5120K, 0% used [0x00000000d5580000,0x00000000d5580000,0x00000000d5a80000)
  from space 512K, 43% used [0x00000000d5b00000,0x00000000d5b38000,0x00000000d5b80000)
  to   space 512K, 0% used [0x00000000d5b80000,0x00000000d5b80000,0x00000000d5c00000)
 ParOldGen       total 677376K, used 677081K [0x0000000080000000, 0x00000000a9580000, 0x00000000d5580000)
  object space 677376K, 99% used [0x0000000080000000,0x00000000a95364d8,0x00000000a9580000)
 Metaspace       used 92481K, committed 94336K, reserved 1179648K
  class space    used 9164K, committed 10112K, reserved 1048576K
}
Event: 12302.563 GC heap before
{Heap before GC invocations=2912 (full 10):
 PSYoungGen      total 5632K, used 5343K [0x00000000d5580000, 0x00000000d5c00000, 0x0000000100000000)
  eden space 5120K, 99% used [0x00000000d5580000,0x00000000d5a7ffe0,0x00000000d5a80000)
  from space 512K, 43% used [0x00000000d5b00000,0x00000000d5b38000,0x00000000d5b80000)
  to   space 512K, 0% used [0x00000000d5b80000,0x00000000d5b80000,0x00000000d5c00000)
 ParOldGen       total 677376K, used 677081K [0x0000000080000000, 0x00000000a9580000, 0x00000000d5580000)
  object space 677376K, 99% used [0x0000000080000000,0x00000000a95364d8,0x00000000a9580000)
 Metaspace       used 92486K, committed 94336K, reserved 1179648K
  class space    used 9164K, committed 10112K, reserved 1048576K
}
Event: 12302.567 GC heap after
{Heap after GC invocations=2912 (full 10):
 PSYoungGen      total 5632K, used 448K [0x00000000d5580000, 0x00000000d5c00000, 0x0000000100000000)
  eden space 5120K, 0% used [0x00000000d5580000,0x00000000d5580000,0x00000000d5a80000)
  from space 512K, 87% used [0x00000000d5b80000,0x00000000d5bf0000,0x00000000d5c00000)
  to   space 512K, 0% used [0x00000000d5b00000,0x00000000d5b00000,0x00000000d5b80000)
 ParOldGen       total 677376K, used 677081K [0x0000000080000000, 0x00000000a9580000, 0x00000000d5580000)
  object space 677376K, 99% used [0x0000000080000000,0x00000000a95364d8,0x00000000a9580000)
 Metaspace       used 92486K, committed 94336K, reserved 1179648K
  class space    used 9164K, committed 10112K, reserved 1048576K
}

